<?xml version="1.0" encoding="UTF-8"?>
<!-- Generated by org.testng.reporters.JUnitReportReporter -->
<testsuite hostname="Shallu-PC" name="TestNgApp.PriorityPractise" tests="5" failures="0" timestamp="15 Aug 2019 13:40:38 GMT" time="33.520" errors="0">
  <testcase name="Contact" time="1.090" classname="TestNgApp.PriorityPractise"/>
  <testcase name="Register" time="11.405" classname="TestNgApp.PriorityPractise"/>
  <testcase name="LoginClick" time="3.524" classname="TestNgApp.PriorityPractise"/>
  <testcase name="Support" time="3.994" classname="TestNgApp.PriorityPractise"/>
  <testcase name="LogIn" time="13.507" classname="TestNgApp.PriorityPractise"/>
</testsuite> <!-- TestNgApp.PriorityPractise -->
