<?xml version="1.0" encoding="UTF-8"?>
<!-- Generated by org.testng.reporters.JUnitReportReporter -->
<testsuite hostname="Shallu-PC" name="TestNgApp.Mod6CaseStudy" tests="14" failures="0" timestamp="2 Sep 2019 14:03:52 GMT" time="92.267" errors="0">
  <testcase name="OpenAUT" time="7.115" classname="TestNgApp.Mod6CaseStudy"/>
  <testcase name="LogIn" time="5.486" classname="TestNgApp.Mod6CaseStudy"/>
  <testcase name="LaunchBrowser" time="5.748" classname="TestNgApp.Mod6CaseStudy"/>
  <testcase name="LaunchBrowser" time="6.991" classname="TestNgApp.Mod6CaseStudy"/>
  <testcase name="OpenAUT" time="7.453" classname="TestNgApp.Mod6CaseStudy"/>
  <testcase name="ReRegister" time="5.253" classname="TestNgApp.Mod6CaseStudy"/>
  <testcase name="LogOut" time="6.215" classname="TestNgApp.Mod6CaseStudy"/>
  <testcase name="ReRegister" time="0.003" classname="TestNgApp.Mod6CaseStudy"/>
  <testcase name="LaunchBrowser" time="6.781" classname="TestNgApp.Mod6CaseStudy"/>
  <testcase name="LaunchBrowser" time="5.512" classname="TestNgApp.Mod6CaseStudy"/>
  <testcase name="ExploreCourses" time="14.976" classname="TestNgApp.Mod6CaseStudy"/>
  <testcase name="ReRegister" time="5.624" classname="TestNgApp.Mod6CaseStudy"/>
  <testcase name="OpenAUT" time="7.993" classname="TestNgApp.Mod6CaseStudy"/>
  <testcase name="OpenAUT" time="7.117" classname="TestNgApp.Mod6CaseStudy"/>
</testsuite> <!-- TestNgApp.Mod6CaseStudy -->
