<?xml version="1.0" encoding="UTF-8"?>
<!-- Generated by org.testng.reporters.JUnitReportReporter -->
<testsuite hostname="Shallu-PC" name="TestNgApp.AnnotationsDemo" tests="1" failures="0" timestamp="15 Aug 2019 12:49:48 GMT" time="4.018" errors="0">
  <testcase name="f" time="4.018" classname="TestNgApp.AnnotationsDemo"/>
</testsuite> <!-- TestNgApp.AnnotationsDemo -->
