<?xml version="1.0" encoding="UTF-8"?>
<!-- Generated by org.testng.reporters.JUnitReportReporter -->
<testsuite hostname="Shallu-PC" name="TestNgApp.Demo2" tests="1" failures="0" timestamp="13 Aug 2019 10:47:08 GMT" time="0.007" errors="0">
  <testcase name="logIn" time="0.007" classname="TestNgApp.Demo2"/>
</testsuite> <!-- TestNgApp.Demo2 -->
