<?xml version="1.0" encoding="UTF-8"?>
<!-- Generated by org.testng.reporters.JUnitReportReporter -->
<testsuite hostname="Shallu-PC" name="TestNgApp.Myntra" tests="5" failures="0" timestamp="6 Sep 2019 10:50:52 GMT" time="31.275" errors="0">
  <testcase name="SelectJacket" time="12.606" classname="TestNgApp.Myntra"/>
  <testcase name="OpenBrowser" time="7.480" classname="TestNgApp.Myntra"/>
  <testcase name="SelectMen" time="7.158" classname="TestNgApp.Myntra"/>
  <testcase name="WishList" time="1.171" classname="TestNgApp.Myntra"/>
  <testcase name="LogIn" time="2.860" classname="TestNgApp.Myntra"/>
</testsuite> <!-- TestNgApp.Myntra -->
