<?xml version="1.0" encoding="UTF-8"?>
<!-- Generated by org.testng.reporters.JUnitReportReporter -->
<testsuite hostname="Shallu-PC" name="TestNgApp.Mod9TestCase" tests="9" failures="0" timestamp="25 Aug 2019 16:45:59 GMT" time="56.802" errors="0">
  <testcase name="LogIn" time="3.279" classname="TestNgApp.Mod9TestCase"/>
  <testcase name="LogIn" time="0.778" classname="TestNgApp.Mod9TestCase"/>
  <testcase name="LogIn" time="3.427" classname="TestNgApp.Mod9TestCase"/>
  <testcase name="LogIn" time="3.319" classname="TestNgApp.Mod9TestCase"/>
  <testcase name="Click" time="1.130" classname="TestNgApp.Mod9TestCase"/>
  <testcase name="LogIn" time="3.316" classname="TestNgApp.Mod9TestCase"/>
  <testcase name="LogIn" time="3.317" classname="TestNgApp.Mod9TestCase"/>
  <testcase name="ExploreBlogs" time="34.967" classname="TestNgApp.Mod9TestCase"/>
  <testcase name="LogIn" time="3.269" classname="TestNgApp.Mod9TestCase"/>
</testsuite> <!-- TestNgApp.Mod9TestCase -->
